// 重构日志: 46052d29
// 重构日志: 90a1e36f
// 重构日志: 1b3eaf12
// 同步 ID: 40d004d1 @ Sun May 24 23:51:02 UTC 2026
// 重构日志: 312fe779
// 重构日志: 4d5ea60c
// 同步 ID: c1679c5e @ Sat May 30 09:59:13 UTC 2026
// 同步 ID: 87d345f7 @ Sat May 30 15:19:35 UTC 2026
// 重构日志: 6dccbf6e
// 同步 ID: 3f4a3f6e @ Tue Jun  2 13:05:30 UTC 2026
// 重构日志: ae8f7ccf
// 同步 ID: 258aca50 @ Sat Jun  6 08:18:35 UTC 2026
// 重构日志: 5cc70859
// 重构日志: 6fe3ccad
// 同步 ID: 512f014f @ Sun Jun 14 02:53:19 UTC 2026
// 重构日志: 21cafc7e
// 重构日志: 80c6514c
// 同步 ID: efd641cc @ Sun Jun 14 14:02:40 UTC 2026
// 重构日志: 08cb265a
// 重构日志: 074dceaf
// 重构日志: 43bc4ea8
// 重构日志: 7ae64bd9
